[debug] [2019-11-23T15:17:28.672Z] ----------------------------------------------------------------------
[debug] [2019-11-23T15:17:28.681Z] Command:       /usr/local/bin/node /usr/local/bin/firebase serve
[debug] [2019-11-23T15:17:28.682Z] CLI Version:   7.8.1
[debug] [2019-11-23T15:17:28.682Z] Platform:      linux
[debug] [2019-11-23T15:17:28.682Z] Node Version:  v10.16.3
[debug] [2019-11-23T15:17:28.742Z] Time:          Sat Nov 23 2019 16:17:28 GMT+0100 (Central European Standard Time)
[debug] [2019-11-23T15:17:28.742Z] ----------------------------------------------------------------------
[debug] [2019-11-23T15:17:28.742Z] 
[debug] [2019-11-23T15:17:28.950Z] > command requires scopes: ["email","openid","https://www.googleapis.com/auth/cloudplatformprojects.readonly","https://www.googleapis.com/auth/firebase","https://www.googleapis.com/auth/cloud-platform"]
[debug] [2019-11-23T15:17:28.951Z] > authorizing via signed-in user
[debug] [2019-11-23T15:17:28.952Z] [iam] checking project luv-money for permissions ["firebase.projects.get"]
[debug] [2019-11-23T15:17:28.961Z] >>> HTTP REQUEST POST https://cloudresourcemanager.googleapis.com/v1/projects/luv-money:testIamPermissions  

[debug] [2019-11-23T15:17:30.381Z] <<< HTTP RESPONSE 200
[debug] [2019-11-23T15:17:30.384Z] >>> HTTP REQUEST GET https://firebase.googleapis.com/v1beta1/projects/luv-money  
 
[debug] [2019-11-23T15:17:30.714Z] <<< HTTP RESPONSE 200
[info] 
[info] === Serving from '/home/voliverio/cloud/app/luv-money-client'...
[info] 
[debug] [2019-11-23T15:17:30.723Z] >>> HTTP REQUEST GET https://firebase.googleapis.com/v1beta1/projects/luv-money/webApps/-/config  
 
[debug] [2019-11-23T15:17:31.375Z] <<< HTTP RESPONSE 200
[info] i  hosting: Serving hosting files from: build
[info] ✔  hosting: Local server: http://localhost:5000
